#
# There is insufficient memory for the Java Runtime Environment to continue.
# Native memory allocation (malloc) failed to allocate 1190016 bytes for Chunk::new
# Possible reasons:
#   The system is out of physical RAM or swap space
#   The process is running with CompressedOops enabled, and the Java Heap may be blocking the growth of the native heap
# Possible solutions:
#   Reduce memory load on the system
#   Increase physical memory or swap space
#   Check if swap backing store is full
#   Decrease Java heap size (-Xmx/-Xms)
#   Decrease number of Java threads
#   Decrease Java thread stack sizes (-Xss)
#   Set larger code cache with -XX:ReservedCodeCacheSize=
#   JVM is running with Unscaled Compressed Oops mode in which the Java heap is
#     placed in the first 4GB address space. The Java Heap base address is the
#     maximum limit for the native heap growth. Please use -XX:HeapBaseMinAddress
#     to set the Java Heap base and to place the Java Heap above 4GB virtual address.
# This output file may be truncated or incomplete.
#
#  Out of Memory Error (allocation.cpp:389), pid=22052, tid=0x00000000000039c4
#
# JRE version: OpenJDK Runtime Environment (8.0_242-b01) (build 1.8.0_242-release-1644-b01)
# Java VM: OpenJDK 64-Bit Server VM (25.242-b01 mixed mode windows-amd64 compressed oops)
# Failed to write core dump. Minidumps are not enabled by default on client versions of Windows
#

---------------  T H R E A D  ---------------

Current thread (0x0000000016fae800):  JavaThread "C2 CompilerThread1" daemon [_thread_in_native, id=14788, stack(0x00000000197a0000,0x00000000198a0000)]

Stack: [0x00000000197a0000,0x00000000198a0000]
[error occurred during error reporting (printing stack bounds), id 0xc0000005]

Native frames: (J=compiled Java code, j=interpreted, Vv=VM code, C=native code)


Current CompileTask:
C2: 285424 16785       4       org.gradle.internal.instantiation.generator.AbstractClassGenerator::inspectType (559 bytes)


---------------  P R O C E S S  ---------------

Java Threads: ( => current thread )
  0x00000000216bd000 JavaThread "ForkJoinPool.commonPool-worker-7" daemon [_thread_blocked, id=8008, stack(0x000000002a140000,0x000000002a240000)]
  0x00000000216b7000 JavaThread "ForkJoinPool.commonPool-worker-6" daemon [_thread_blocked, id=19820, stack(0x0000000029f30000,0x000000002a030000)]
  0x00000000216ba800 JavaThread "ForkJoinPool.commonPool-worker-5" daemon [_thread_blocked, id=5472, stack(0x0000000029e30000,0x0000000029f30000)]
  0x00000000216b5800 JavaThread "ForkJoinPool.commonPool-worker-4" daemon [_thread_blocked, id=5024, stack(0x0000000029d30000,0x0000000029e30000)]
  0x00000000216bc000 JavaThread "ForkJoinPool.commonPool-worker-3" daemon [_thread_blocked, id=8464, stack(0x0000000029c30000,0x0000000029d30000)]
  0x00000000216b4800 JavaThread "ForkJoinPool.commonPool-worker-2" daemon [_thread_blocked, id=14796, stack(0x0000000029b30000,0x0000000029c30000)]
  0x00000000216bb800 JavaThread "ForkJoinPool.commonPool-worker-1" daemon [_thread_blocked, id=18348, stack(0x0000000028e30000,0x0000000028f30000)]
  0x000000001fc85800 JavaThread "WorkerExecutor Queue Thread 8" [_thread_blocked, id=4724, stack(0x0000000029030000,0x0000000029130000)]
  0x000000001fc80800 JavaThread "WorkerExecutor Queue Thread 7" [_thread_blocked, id=13524, stack(0x0000000028f30000,0x0000000029030000)]
  0x000000001fc78000 JavaThread "WorkerExecutor Queue Thread 5" [_thread_blocked, id=14372, stack(0x0000000028030000,0x0000000028130000)]
  0x000000001fc79000 JavaThread "WorkerExecutor Queue Thread 4" [_thread_blocked, id=13788, stack(0x000000001d1f0000,0x000000001d2f0000)]
  0x000000001fc7f800 JavaThread "Cache worker for Java compile cache (C:\Users\Kency\OneDrive\Documents\ISIS\FIE4\Android\UserTP\.gradle\6.1.1\javaCompile)" [_thread_blocked, id=15040, stack(0x0000000028730000,0x0000000028830000)]
  0x000000001fc7f000 JavaThread "RMI TCP Connection(idle)" daemon [_thread_blocked, id=8284, stack(0x0000000028430000,0x0000000028530000)]
  0x000000001fc7c800 JavaThread "RMI Reaper" [_thread_blocked, id=6828, stack(0x0000000028330000,0x0000000028430000)]
  0x000000001fc77800 JavaThread "RMI TCP Accept-0" daemon [_thread_in_native, id=13272, stack(0x0000000028230000,0x0000000028330000)]
  0x000000001fc79800 JavaThread "GC Daemon" daemon [_thread_blocked, id=20284, stack(0x0000000028130000,0x0000000028230000)]
  0x000000001fc7c000 JavaThread "RMI Scheduler(0)" daemon [_thread_blocked, id=18608, stack(0x0000000027f30000,0x0000000028030000)]
  0x000000001fc7e000 JavaThread "WorkerExecutor Queue Thread 3" [_thread_blocked, id=22184, stack(0x0000000027c30000,0x0000000027d30000)]
  0x000000001fc7a800 JavaThread "WorkerExecutor Queue Thread 2" [_thread_blocked, id=21728, stack(0x0000000027b30000,0x0000000027c30000)]
  0x000000001b99b000 JavaThread "stdout" [_thread_in_native, id=17096, stack(0x0000000027a30000,0x0000000027b30000)]
  0x000000001b99e800 JavaThread "stderr" [_thread_in_native, id=21160, stack(0x0000000027930000,0x0000000027a30000)]
  0x000000001b9a0000 JavaThread "pool-3-thread-1" [_thread_blocked, id=19844, stack(0x0000000027230000,0x0000000027330000)]
  0x000000001b99d800 JavaThread "WorkerExecutor Queue" [_thread_blocked, id=4640, stack(0x0000000027130000,0x0000000027230000)]
  0x000000001bf75000 JavaThread "Cache worker for execution history cache (C:\Users\Kency\OneDrive\Documents\ISIS\FIE4\Android\UserTP\.gradle\6.1.1\executionHistory)" [_thread_blocked, id=3004, stack(0x0000000026830000,0x0000000026930000)]
  0x000000001bf6a800 JavaThread "Cache worker for file content cache (C:\Users\Kency\OneDrive\Documents\ISIS\FIE4\Android\UserTP\.gradle\6.1.1\fileContent)" [_thread_blocked, id=9728, stack(0x0000000025730000,0x0000000025830000)]
  0x000000001bf6b800 JavaThread "Cache worker for Build Output Cleanup Cache (C:\Users\Kency\OneDrive\Documents\ISIS\FIE4\Android\UserTP\.gradle\buildOutputCleanup)" [_thread_blocked, id=18688, stack(0x0000000023eb0000,0x0000000023fb0000)]
  0x0000000024f7f800 JavaThread "Build operations Thread 8" [_thread_blocked, id=20312, stack(0x00000000231b0000,0x00000000232b0000)]
  0x0000000024f7e800 JavaThread "Build operations Thread 7" [_thread_blocked, id=3528, stack(0x0000000022ab0000,0x0000000022bb0000)]
  0x0000000024f7c800 JavaThread "Build operations Thread 6" [_thread_blocked, id=16236, stack(0x00000000229b0000,0x0000000022ab0000)]
  0x0000000024f7e000 JavaThread "Build operations Thread 5" [_thread_blocked, id=10804, stack(0x00000000228b0000,0x00000000229b0000)]
  0x0000000024f7d000 JavaThread "Build operations Thread 4" [_thread_blocked, id=16636, stack(0x00000000227b0000,0x00000000228b0000)]
  0x0000000024f75000 JavaThread "Build operations Thread 3" [_thread_blocked, id=1604, stack(0x00000000226b0000,0x00000000227b0000)]
  0x0000000024f76800 JavaThread "Build operations Thread 2" [_thread_blocked, id=19868, stack(0x00000000225b0000,0x00000000226b0000)]
  0x0000000024f7b800 JavaThread "Build operations" [_thread_blocked, id=7572, stack(0x0000000020550000,0x0000000020650000)]
  0x0000000024f7a000 JavaThread "Cache worker for cache directory md-rule (C:\Users\Kency\.gradle\caches\6.1.1\md-rule)" [_thread_blocked, id=13220, stack(0x000000001ff90000,0x0000000020090000)]
  0x0000000024f79800 JavaThread "Cache worker for cache directory md-supplier (C:\Users\Kency\.gradle\caches\6.1.1\md-supplier)" [_thread_blocked, id=13012, stack(0x000000001d5f0000,0x000000001d6f0000)]
  0x0000000024f75800 JavaThread "Cache worker for file hash cache (C:\Users\Kency\OneDrive\Documents\ISIS\FIE4\Android\UserTP\.gradle\6.1.1\fileHashes)" [_thread_blocked, id=12692, stack(0x000000001d4f0000,0x000000001d5f0000)]
  0x0000000024f7b000 JavaThread "Cache worker for checksums cache (C:\Users\Kency\OneDrive\Documents\ISIS\FIE4\Android\UserTP\.gradle\checksums)" [_thread_blocked, id=9192, stack(0x000000001d3f0000,0x000000001d4f0000)]
  0x0000000024f71800 JavaThread "Thread-45" [_thread_blocked, id=16600, stack(0x000000001d2f0000,0x000000001d3f0000)]
  0x0000000024f78000 JavaThread "Asynchronous log dispatcher for DefaultDaemonConnection: socket connection from /127.0.0.1:51970 to /127.0.0.1:51986" [_thread_blocked, id=7872, stack(0x000000001cef0000,0x000000001cff0000)]
  0x0000000024f73800 JavaThread "Daemon worker Thread 2" [_thread_in_Java, id=17596, stack(0x000000001cdf0000,0x000000001cef0000)]
  0x0000000024f72800 JavaThread "Cancel handler" [_thread_blocked, id=12892, stack(0x0000000001560000,0x0000000001660000)]
  0x0000000024f71000 JavaThread "Handler for socket connection from /127.0.0.1:51970 to /127.0.0.1:51986" [_thread_in_native, id=20200, stack(0x0000000001460000,0x0000000001560000)]
  0x0000000024f70000 JavaThread "Daemon Thread 2" [_thread_blocked, id=21636, stack(0x0000000001360000,0x0000000001460000)]
  0x0000000024f77000 JavaThread "Cache worker for Java compile cache (C:\Users\Kency\.gradle\caches\6.1.1\javaCompile)" [_thread_blocked, id=13616, stack(0x0000000026730000,0x0000000026830000)]
  0x000000001bf73000 JavaThread "Cache worker for file content cache (C:\Users\Kency\.gradle\caches\6.1.1\fileContent)" [_thread_blocked, id=14008, stack(0x0000000023db0000,0x0000000023eb0000)]
  0x000000001bf72000 JavaThread "Memory manager" [_thread_blocked, id=16516, stack(0x0000000023cb0000,0x0000000023db0000)]
  0x000000001b9a0800 JavaThread "Cache worker for execution history cache (C:\Users\Kency\.gradle\caches\6.1.1\executionHistory)" [_thread_blocked, id=18164, stack(0x0000000020650000,0x0000000020750000)]
  0x000000001b99a800 JavaThread "Cache worker for file hash cache (C:\Users\Kency\.gradle\caches\6.1.1\fileHashes)" [_thread_blocked, id=4784, stack(0x000000001daf0000,0x000000001dbf0000)]
  0x000000001b9a1800 JavaThread "File lock request listener" [_thread_in_native, id=18824, stack(0x000000001d9f0000,0x000000001daf0000)]
  0x000000001bb22000 JavaThread "Cache worker for journal cache (C:\Users\Kency\.gradle\caches\journal-1)" [_thread_blocked, id=15992, stack(0x000000001d8f0000,0x000000001d9f0000)]
  0x000000001b7a9800 JavaThread "Daemon periodic checks" [_thread_blocked, id=16336, stack(0x000000001ccf0000,0x000000001cdf0000)]
  0x000000001a275800 JavaThread "Incoming local TCP Connector on port 51970" [_thread_in_native, id=20176, stack(0x000000001ca80000,0x000000001cb80000)]
  0x000000001b749000 JavaThread "Daemon health stats" [_thread_blocked, id=20524, stack(0x000000001c440000,0x000000001c540000)]
  0x0000000018e43800 JavaThread "Service Thread" daemon [_thread_blocked, id=380, stack(0x0000000019aa0000,0x0000000019ba0000)]
  0x0000000018dba800 JavaThread "C1 CompilerThread3" daemon [_thread_blocked, id=6688, stack(0x00000000199a0000,0x0000000019aa0000)]
  0x0000000018db3800 JavaThread "C2 CompilerThread2" daemon [_thread_blocked, id=13656, stack(0x00000000198a0000,0x00000000199a0000)]
=>0x0000000016fae800 JavaThread "C2 CompilerThread1" daemon [_thread_in_native, id=14788, stack(0x00000000197a0000,0x00000000198a0000)]
  0x0000000018da2000 JavaThread "C2 CompilerThread0" daemon [_thread_in_native, id=21644, stack(0x00000000196a0000,0x00000000197a0000)]
  0x0000000018da1000 JavaThread "Attach Listener" daemon [_thread_blocked, id=21084, stack(0x00000000195a0000,0x00000000196a0000)]
  0x0000000018da5800 JavaThread "Signal Dispatcher" daemon [_thread_blocked, id=6864, stack(0x00000000194a0000,0x00000000195a0000)]
  0x0000000018d90800 JavaThread "Finalizer" daemon [_thread_blocked, id=12984, stack(0x0000000019270000,0x0000000019370000)]
  0x00000000031d7000 JavaThread "Reference Handler" daemon [_thread_blocked, id=15412, stack(0x0000000019170000,0x0000000019270000)]
  0x0000000002fdd800 JavaThread "main" [_thread_blocked, id=15436, stack(0x0000000002fe0000,0x00000000030e0000)]

Other Threads:
  0x0000000016f96000 VMThread [stack: 0x0000000018c70000,0x0000000018d70000] [id=16648]
  0x0000000018e44800 WatcherThread [stack: 0x0000000019ba0000,0x0000000019ca0000] [id=13360]

VM state:not at safepoint (normal execution)

VM Mutex/Monitor currently owned by a thread: None

heap address: 0x00000000a0000000, size: 1536 MB, Compressed Oops mode: 32-bit
Narrow klass base: 0x0000000000000000, Narrow klass shift: 3
Compressed class space size: 1073741824 Address: 0x0000000100000000

Heap:
 PSYoungGen      total 353280K, used 68833K [0x00000000e0000000, 0x00000000fab00000, 0x0000000100000000)
  eden space 275456K, 24% used [0x00000000e0000000,0x00000000e43385c8,0x00000000f0d00000)
  from space 77824K, 0% used [0x00000000f5a80000,0x00000000f5a80000,0x00000000fa680000)
  to   space 79360K, 0% used [0x00000000f0d00000,0x00000000f0d00000,0x00000000f5a80000)
 ParOldGen       total 210432K, used 76593K [0x00000000a0000000, 0x00000000acd80000, 0x00000000e0000000)
  object space 210432K, 36% used [0x00000000a0000000,0x00000000a4acc558,0x00000000acd80000)
 Metaspace       used 112069K, capacity 116844K, committed 117400K, reserved 1150976K
  class space    used 14644K, capacity 15613K, committed 15784K, reserved 1048576K

Card table byte_map: [0x00000000125a0000,0x00000000128b0000] byte_map_base: 0x00000000120a0000

Marking Bits: (ParMarkBitMap*) 0x000000005632f030
 Begin Bits: [0x00000000132b0000, 0x0000000014ab0000)
 End Bits:   [0x0000000014ab0000, 0x00000000162b0000)

Polling page: 0x0000000001240000

CodeCache: size=245760Kb used=43428Kb max_used=44742Kb free=202331Kb
 bounds [0x00000000031e0000, 0x0000000005dd0000, 0x00000000121e0000]
 total_blobs=14468 nmethods=13553 adapters=828
 compilation: enabled

Compilation events (10 events):
Event: 284.973 Thread 0x0000000018db3800 nmethod 16786 0x00000000058005d0 code [0x0000000005800820, 0x0000000005801850]
Event: 284.975 Thread 0x0000000018da2000 nmethod 16788 0x00000000054e1650 code [0x00000000054e18c0, 0x00000000054e2920]
Event: 284.977 Thread 0x0000000018dba800 nmethod 16789 0x0000000003755150 code [0x00000000037553c0, 0x00000000037565a8]
Event: 285.065 Thread 0x0000000018da2000 16790       4       org.objectweb.asm.Frame::execute (2318 bytes)
Event: 285.068 Thread 0x0000000018dba800 16791       3       org.gradle.model.internal.asm.AsmClassGeneratorUtils::visitFormalTypeParameters (108 bytes)
Event: 285.071 Thread 0x0000000018dba800 nmethod 16791 0x00000000059c0390 code [0x00000000059c0660, 0x00000000059c1b78]
Event: 285.086 Thread 0x0000000018dba800 16792       3       org.gradle.model.internal.asm.AsmClassGeneratorUtils::visitParameters (47 bytes)
Event: 285.087 Thread 0x0000000018dba800 nmethod 16792 0x00000000041a7e10 code [0x00000000041a8000, 0x00000000041a8878]
Event: 285.087 Thread 0x0000000018dba800 16793       3       org.gradle.model.internal.asm.AsmClassGeneratorUtils::visitExceptions (40 bytes)
Event: 285.088 Thread 0x0000000018dba800 nmethod 16793 0x00000000059b2cd0 code [0x00000000059b2ea0, 0x00000000059b3628]

GC Heap History (10 events):
Event: 36.399 GC heap before
{Heap before GC invocations=19 (full 4):
 PSYoungGen      total 224768K, used 204288K [0x00000000e0000000, 0x00000000f2700000, 0x0000000100000000)
  eden space 204288K, 100% used [0x00000000e0000000,0x00000000ec780000,0x00000000ec780000)
  from space 20480K, 0% used [0x00000000eed00000,0x00000000eed00000,0x00000000f0100000)
  to   space 38400K, 0% used [0x00000000ec780000,0x00000000ec780000,0x00000000eed00000)
 ParOldGen       total 183296K, used 87425K [0x00000000a0000000, 0x00000000ab300000, 0x00000000e0000000)
  object space 183296K, 47% used [0x00000000a0000000,0x00000000a5560778,0x00000000ab300000)
 Metaspace       used 81875K, capacity 84728K, committed 86040K, reserved 1124352K
  class space    used 10910K, capacity 11501K, committed 11816K, reserved 1048576K
Event: 36.823 GC heap after
Heap after GC invocations=19 (full 4):
 PSYoungGen      total 242688K, used 31404K [0x00000000e0000000, 0x00000000f4400000, 0x0000000100000000)
  eden space 204288K, 0% used [0x00000000e0000000,0x00000000e0000000,0x00000000ec780000)
  from space 38400K, 81% used [0x00000000ec780000,0x00000000ee62b248,0x00000000eed00000)
  to   space 42496K, 0% used [0x00000000f1a80000,0x00000000f1a80000,0x00000000f4400000)
 ParOldGen       total 183296K, used 87433K [0x00000000a0000000, 0x00000000ab300000, 0x00000000e0000000)
  object space 183296K, 47% used [0x00000000a0000000,0x00000000a5562778,0x00000000ab300000)
 Metaspace       used 81875K, capacity 84728K, committed 86040K, reserved 1124352K
  class space    used 10910K, capacity 11501K, committed 11816K, reserved 1048576K
}
Event: 198.480 GC heap before
{Heap before GC invocations=20 (full 4):
 PSYoungGen      total 242688K, used 235692K [0x00000000e0000000, 0x00000000f4400000, 0x0000000100000000)
  eden space 204288K, 100% used [0x00000000e0000000,0x00000000ec780000,0x00000000ec780000)
  from space 38400K, 81% used [0x00000000ec780000,0x00000000ee62b248,0x00000000eed00000)
  to   space 42496K, 0% used [0x00000000f1a80000,0x00000000f1a80000,0x00000000f4400000)
 ParOldGen       total 183296K, used 87433K [0x00000000a0000000, 0x00000000ab300000, 0x00000000e0000000)
  object space 183296K, 47% used [0x00000000a0000000,0x00000000a5562778,0x00000000ab300000)
 Metaspace       used 88439K, capacity 91544K, committed 92184K, reserved 1128448K
  class space    used 11489K, capacity 12145K, committed 12328K, reserved 1048576K
Event: 198.985 GC heap after
Heap after GC invocations=20 (full 4):
 PSYoungGen      total 282624K, used 41029K [0x00000000e0000000, 0x00000000f4a80000, 0x0000000100000000)
  eden space 240128K, 0% used [0x00000000e0000000,0x00000000e0000000,0x00000000eea80000)
  from space 42496K, 96% used [0x00000000f1a80000,0x00000000f42916d0,0x00000000f4400000)
  to   space 49152K, 0% used [0x00000000eea80000,0x00000000eea80000,0x00000000f1a80000)
 ParOldGen       total 183296K, used 87441K [0x00000000a0000000, 0x00000000ab300000, 0x00000000e0000000)
  object space 183296K, 47% used [0x00000000a0000000,0x00000000a5564778,0x00000000ab300000)
 Metaspace       used 88439K, capacity 91544K, committed 92184K, reserved 1128448K
  class space    used 11489K, capacity 12145K, committed 12328K, reserved 1048576K
}
Event: 234.293 GC heap before
{Heap before GC invocations=21 (full 4):
 PSYoungGen      total 282624K, used 281134K [0x00000000e0000000, 0x00000000f4a80000, 0x0000000100000000)
  eden space 240128K, 99% used [0x00000000e0000000,0x00000000eea7a170,0x00000000eea80000)
  from space 42496K, 96% used [0x00000000f1a80000,0x00000000f42916d0,0x00000000f4400000)
  to   space 49152K, 0% used [0x00000000eea80000,0x00000000eea80000,0x00000000f1a80000)
 ParOldGen       total 183296K, used 87441K [0x00000000a0000000, 0x00000000ab300000, 0x00000000e0000000)
  object space 183296K, 47% used [0x00000000a0000000,0x00000000a5564778,0x00000000ab300000)
 Metaspace       used 99596K, capacity 103200K, committed 103576K, reserved 1138688K
  class space    used 12911K, capacity 13627K, committed 13736K, reserved 1048576K
Event: 236.759 GC heap after
Heap after GC invocations=21 (full 4):
 PSYoungGen      total 289280K, used 49125K [0x00000000e0000000, 0x00000000fa680000, 0x0000000100000000)
  eden space 240128K, 0% used [0x00000000e0000000,0x00000000e0000000,0x00000000eea80000)
  from space 49152K, 99% used [0x00000000eea80000,0x00000000f1a797b8,0x00000000f1a80000)
  to   space 77824K, 0% used [0x00000000f5a80000,0x00000000f5a80000,0x00000000fa680000)
 ParOldGen       total 183296K, used 142370K [0x00000000a0000000, 0x00000000ab300000, 0x00000000e0000000)
  object space 183296K, 77% used [0x00000000a0000000,0x00000000a8b08b10,0x00000000ab300000)
 Metaspace       used 99596K, capacity 103200K, committed 103576K, reserved 1138688K
  class space    used 12911K, capacity 13627K, committed 13736K, reserved 1048576K
}
Event: 260.937 GC heap before
{Heap before GC invocations=22 (full 4):
 PSYoungGen      total 289280K, used 289253K [0x00000000e0000000, 0x00000000fa680000, 0x0000000100000000)
  eden space 240128K, 100% used [0x00000000e0000000,0x00000000eea80000,0x00000000eea80000)
  from space 49152K, 99% used [0x00000000eea80000,0x00000000f1a797b8,0x00000000f1a80000)
  to   space 77824K, 0% used [0x00000000f5a80000,0x00000000f5a80000,0x00000000fa680000)
 ParOldGen       total 183296K, used 142370K [0x00000000a0000000, 0x00000000ab300000, 0x00000000e0000000)
  object space 183296K, 77% used [0x00000000a0000000,0x00000000a8b08b10,0x00000000ab300000)
 Metaspace       used 109086K, capacity 114034K, committed 114328K, reserved 1148928K
  class space    used 14268K, capacity 15214K, committed 15272K, reserved 1048576K
Event: 261.930 GC heap after
Heap after GC invocations=22 (full 4):
 PSYoungGen      total 353280K, used 44047K [0x00000000e0000000, 0x00000000fab00000, 0x0000000100000000)
  eden space 275456K, 0% used [0x00000000e0000000,0x00000000e0000000,0x00000000f0d00000)
  from space 77824K, 56% used [0x00000000f5a80000,0x00000000f8583cb8,0x00000000fa680000)
  to   space 79360K, 0% used [0x00000000f0d00000,0x00000000f0d00000,0x00000000f5a80000)
 ParOldGen       total 183296K, used 168335K [0x00000000a0000000, 0x00000000ab300000, 0x00000000e0000000)
  object space 183296K, 91% used [0x00000000a0000000,0x00000000aa463cb8,0x00000000ab300000)
 Metaspace       used 109086K, capacity 114034K, committed 114328K, reserved 1148928K
  class space    used 14268K, capacity 15214K, committed 15272K, reserved 1048576K
}
Event: 261.932 GC heap before
{Heap before GC invocations=23 (full 5):
 PSYoungGen      total 353280K, used 44047K [0x00000000e0000000, 0x00000000fab00000, 0x0000000100000000)
  eden space 275456K, 0% used [0x00000000e0000000,0x00000000e0000000,0x00000000f0d00000)
  from space 77824K, 56% used [0x00000000f5a80000,0x00000000f8583cb8,0x00000000fa680000)
  to   space 79360K, 0% used [0x00000000f0d00000,0x00000000f0d00000,0x00000000f5a80000)
 ParOldGen       total 183296K, used 168335K [0x00000000a0000000, 0x00000000ab300000, 0x00000000e0000000)
  object space 183296K, 91% used [0x00000000a0000000,0x00000000aa463cb8,0x00000000ab300000)
 Metaspace       used 109086K, capacity 114034K, committed 114328K, reserved 1148928K
  class space    used 14268K, capacity 15214K, committed 15272K, reserved 1048576K
Event: 279.523 GC heap after
Heap after GC invocations=23 (full 5):
 PSYoungGen      total 353280K, used 0K [0x00000000e0000000, 0x00000000fab00000, 0x0000000100000000)
  eden space 275456K, 0% used [0x00000000e0000000,0x00000000e0000000,0x00000000f0d00000)
  from space 77824K, 0% used [0x00000000f5a80000,0x00000000f5a80000,0x00000000fa680000)
  to   space 79360K, 0% used [0x00000000f0d00000,0x00000000f0d00000,0x00000000f5a80000)
 ParOldGen       total 210432K, used 76593K [0x00000000a0000000, 0x00000000acd80000, 0x00000000e0000000)
  object space 210432K, 36% used [0x00000000a0000000,0x00000000a4acc558,0x00000000acd80000)
 Metaspace       used 108610K, capacity 112720K, committed 114328K, reserved 1148928K
  class space    used 14105K, capacity 14927K, committed 15272K, reserved 1048576K
}

Deoptimization events (10 events):
Event: 283.184 Thread 0x000000001fc7a800 Uncommon trap: reason=class_check action=maybe_recompile pc=0x0000000005630be0 method=com.google.common.collect.ImmutableMap.copyOf(Ljava/util/Map;)Lcom/google/common/collect/ImmutableMap; @ 49
Event: 283.185 Thread 0x000000001fc7a800 Uncommon trap: reason=class_check action=maybe_recompile pc=0x0000000005631b70 method=com.google.common.collect.Iterables.castOrCopyToCollection(Ljava/lang/Iterable;)Ljava/util/Collection; @ 1
Event: 283.186 Thread 0x000000001fc7a800 Uncommon trap: reason=class_check action=maybe_recompile pc=0x0000000005630be0 method=com.google.common.collect.ImmutableMap.copyOf(Ljava/util/Map;)Lcom/google/common/collect/ImmutableMap; @ 49
Event: 283.186 Thread 0x000000001fc7a800 Uncommon trap: reason=class_check action=maybe_recompile pc=0x0000000005631b70 method=com.google.common.collect.Iterables.castOrCopyToCollection(Ljava/lang/Iterable;)Ljava/util/Collection; @ 1
Event: 283.280 Thread 0x000000001fc7a800 Uncommon trap: reason=unstable_if action=reinterpret pc=0x00000000054fa450 method=java.util.stream.StreamOpFlag.getMask(I)I @ 1
Event: 283.706 Thread 0x000000001fc7a800 Uncommon trap: reason=unstable_if action=reinterpret pc=0x000000000497dffc method=java.nio.Bits.getInt(Ljava/nio/ByteBuffer;IZ)I @ 1
Event: 283.726 Thread 0x000000001fc7a800 Uncommon trap: reason=unstable_if action=reinterpret pc=0x000000000497bccc method=java.nio.Bits.getInt(Ljava/nio/ByteBuffer;IZ)I @ 1
Event: 284.862 Thread 0x0000000024f73800 Uncommon trap: reason=null_check action=make_not_entrant pc=0x00000000056cdc04 method=org.gradle.internal.instantiation.generator.AbstractClassGenerator$PropertyMetadata.addGetter(Lorg/gradle/internal/instantiation/generator/AbstractClassGenerator$MethodM
Event: 284.991 Thread 0x0000000024f73800 Uncommon trap: reason=class_check action=maybe_recompile pc=0x000000000521d8d0 method=com.google.common.collect.SortedIterables.hasSameComparator(Ljava/util/Comparator;Ljava/lang/Iterable;)Z @ 11
Event: 285.077 Thread 0x0000000024f73800 Uncommon trap: reason=class_check action=maybe_recompile pc=0x000000000521d8d0 method=com.google.common.collect.SortedIterables.hasSameComparator(Ljava/util/Comparator;Ljava/lang/Iterable;)Z @ 11

Classes redefined (0 events):
No events

Internal exceptions (10 events):
Event: 280.546 Thread 0x000000001b99d800 Exception <a 'sun/nio/fs/WindowsException'> (0x00000000e1e1eee0) thrown at [C:\src\AOSP-openjdk-git\hotspot\src\share\vm\prims\jni.cpp, line 710]
Event: 280.780 Thread 0x000000001fc82000 Implicit null exception at 0x0000000003b52b2f to 0x0000000003b52c2d
Event: 280.780 Thread 0x000000001fc81000 Implicit null exception at 0x0000000003b52b2f to 0x0000000003b52c2d
Event: 280.780 Thread 0x000000001fc82800 Implicit null exception at 0x0000000003b52b2f to 0x0000000003b52c2d
Event: 281.078 Thread 0x000000001fc84000 Exception <a 'sun/nio/fs/WindowsException'> (0x00000000e2d0bb30) thrown at [C:\src\AOSP-openjdk-git\hotspot\src\share\vm\prims\jni.cpp, line 710]
Event: 281.818 Thread 0x000000001bf68800 Exception <a 'java/lang/NoSuchMethodError': <clinit>> (0x00000000e2e54ac0) thrown at [C:\src\AOSP-openjdk-git\hotspot\src\share\vm\prims\jni.cpp, line 1615]
Event: 281.819 Thread 0x000000001bf68800 Exception <a 'java/lang/NoSuchMethodError': <clinit>> (0x00000000e2e59348) thrown at [C:\src\AOSP-openjdk-git\hotspot\src\share\vm\prims\jni.cpp, line 1615]
Event: 282.451 Thread 0x000000001fc7a800 Exception <a 'java/lang/NoSuchMethodError': java.lang.Object.lambda$asRunnable$0(Lcom/android/tools/build/apkzlib/utils/IOExceptionRunnable;)V> (0x00000000e2f9e6a0) thrown at [C:\src\AOSP-openjdk-git\hotspot\src\share\vm\interpreter\linkResolver.cpp, line
Event: 283.210 Thread 0x000000001fc7a800 Exception <a 'java/lang/NoSuchMethodError': java.lang.Object.newSystemTemporaryDirectory()Lcom/android/tools/build/apkzlib/bytestorage/TemporaryDirectory;> (0x00000000e30d94f8) thrown at [C:\src\AOSP-openjdk-git\hotspot\src\share\vm\interpreter\linkResolv
Event: 283.402 Thread 0x000000001fc7a800 Exception <a 'java/lang/NoSuchMethodError': java.lang.Object.lambda$static$0(Lcom/android/apksig/util/RunnablesProvider;)V> (0x00000000e332b1b0) thrown at [C:\src\AOSP-openjdk-git\hotspot\src\share\vm\interpreter\linkResolver.cpp, line 620]

Events (10 events):
Event: 285.340 loading class com/android/builder/model/AppBundleVariantBuildOutput
Event: 285.340 loading class com/android/builder/model/AppBundleVariantBuildOutput done
Event: 285.348 loading class com/android/build/gradle/internal/ide/DefaultAppBundleProjectBuildOutput
Event: 285.348 loading class com/android/build/gradle/internal/ide/DefaultAppBundleProjectBuildOutput done
Event: 285.354 loading class com/android/builder/model/AppBundleVariantBuildOutput
Event: 285.354 loading class com/android/builder/model/AppBundleVariantBuildOutput done
Event: 285.372 loading class com/android/builder/model/ProjectBuildOutput
Event: 285.372 loading class com/android/builder/model/ProjectBuildOutput done
Event: 285.378 loading class com/android/build/gradle/internal/ide/dependencies/BuildMappingUtils
Event: 285.378 loading class com/android/build/gradle/internal/ide/dependencies/BuildMappingUtils done


Dynamic libraries:
0x00007ff7ae490000 - 0x00007ff7ae4c1000 	C:\Program Files\Android\Android Studio\jre\bin\java.exe
0x00007fff7e820000 - 0x00007fff7ea10000 	C:\WINDOWS\SYSTEM32\ntdll.dll
0x00007fff7db70000 - 0x00007fff7dc22000 	C:\WINDOWS\System32\KERNEL32.DLL
0x00007fff7b7d0000 - 0x00007fff7ba75000 	C:\WINDOWS\System32\KERNELBASE.dll
0x00007fff7cef0000 - 0x00007fff7cf93000 	C:\WINDOWS\System32\ADVAPI32.dll
0x00007fff7d4f0000 - 0x00007fff7d58e000 	C:\WINDOWS\System32\msvcrt.dll
0x00007fff7e740000 - 0x00007fff7e7d7000 	C:\WINDOWS\System32\sechost.dll
0x00007fff7dc50000 - 0x00007fff7dd70000 	C:\WINDOWS\System32\RPCRT4.dll
0x00007fff7c8d0000 - 0x00007fff7ca65000 	C:\WINDOWS\System32\USER32.dll
0x00007fff7c3d0000 - 0x00007fff7c3f1000 	C:\WINDOWS\System32\win32u.dll
0x00007fff7d590000 - 0x00007fff7d5b6000 	C:\WINDOWS\System32\GDI32.dll
0x00007fff7c4a0000 - 0x00007fff7c636000 	C:\WINDOWS\System32\gdi32full.dll
0x00007fff7c400000 - 0x00007fff7c49e000 	C:\WINDOWS\System32\msvcp_win.dll
0x00007fff7c2d0000 - 0x00007fff7c3ca000 	C:\WINDOWS\System32\ucrtbase.dll
0x00007fff7ab70000 - 0x00007fff7adf4000 	C:\WINDOWS\WinSxS\amd64_microsoft.windows.common-controls_6595b64144ccf1df_6.0.18362.1082_none_9e8193e1e45b25c1\COMCTL32.dll
0x00007fff7d5d0000 - 0x00007fff7d905000 	C:\WINDOWS\System32\combase.dll
0x00007fff7ba80000 - 0x00007fff7bb00000 	C:\WINDOWS\System32\bcryptPrimitives.dll
0x00007fff7ca70000 - 0x00007fff7ca9e000 	C:\WINDOWS\System32\IMM32.DLL
0x0000000055a80000 - 0x0000000055b52000 	C:\Program Files\Android\Android Studio\jre\jre\bin\msvcr100.dll
0x0000000055b60000 - 0x00000000563ab000 	C:\Program Files\Android\Android Studio\jre\jre\bin\server\jvm.dll
0x00007fff7cb80000 - 0x00007fff7cb88000 	C:\WINDOWS\System32\PSAPI.DLL
0x00007fff78d20000 - 0x00007fff78d44000 	C:\WINDOWS\SYSTEM32\WINMM.dll
0x00007fff71cb0000 - 0x00007fff71cba000 	C:\WINDOWS\SYSTEM32\VERSION.dll
0x00007fff74250000 - 0x00007fff74259000 	C:\WINDOWS\SYSTEM32\WSOCK32.dll
0x00007fff7cce0000 - 0x00007fff7cd4f000 	C:\WINDOWS\System32\WS2_32.dll
0x00007fff78b10000 - 0x00007fff78b3d000 	C:\WINDOWS\SYSTEM32\WINMMBASE.dll
0x00007fff7c280000 - 0x00007fff7c2ca000 	C:\WINDOWS\System32\cfgmgr32.dll
0x00007fff771e0000 - 0x00007fff771ef000 	C:\Program Files\Android\Android Studio\jre\jre\bin\verify.dll
0x00007fff70ec0000 - 0x00007fff70ee9000 	C:\Program Files\Android\Android Studio\jre\jre\bin\java.dll
0x00007fff74cb0000 - 0x00007fff74cc6000 	C:\Program Files\Android\Android Studio\jre\jre\bin\zip.dll
0x00007fff7e050000 - 0x00007fff7e737000 	C:\WINDOWS\System32\SHELL32.dll
0x00007fff7d910000 - 0x00007fff7d9b9000 	C:\WINDOWS\System32\shcore.dll
0x00007fff7bb00000 - 0x00007fff7c280000 	C:\WINDOWS\System32\windows.storage.dll
0x00007fff7b780000 - 0x00007fff7b7a3000 	C:\WINDOWS\System32\profapi.dll
0x00007fff7b6f0000 - 0x00007fff7b73a000 	C:\WINDOWS\System32\powrprof.dll
0x00007fff7b6e0000 - 0x00007fff7b6f0000 	C:\WINDOWS\System32\UMPDC.dll
0x00007fff7dd70000 - 0x00007fff7ddc2000 	C:\WINDOWS\System32\shlwapi.dll
0x00007fff7b740000 - 0x00007fff7b751000 	C:\WINDOWS\System32\kernel.appcore.dll
0x00007fff7b7b0000 - 0x00007fff7b7c7000 	C:\WINDOWS\System32\cryptsp.dll
0x00007fff73f90000 - 0x00007fff73faa000 	C:\Program Files\Android\Android Studio\jre\jre\bin\net.dll
0x00007fff7a850000 - 0x00007fff7a8b7000 	C:\WINDOWS\system32\mswsock.dll
0x00007fff73ed0000 - 0x00007fff73ee3000 	C:\Program Files\Android\Android Studio\jre\jre\bin\nio.dll
0x00007fff61ce0000 - 0x00007fff61d06000 	C:\Users\Kency\.gradle\native\31\windows-amd64\native-platform.dll
0x00007fff74f90000 - 0x00007fff74f9d000 	C:\Program Files\Android\Android Studio\jre\jre\bin\management.dll
0x00007fff7a3c0000 - 0x00007fff7a3f3000 	C:\WINDOWS\system32\rsaenh.dll
0x00007fff7c840000 - 0x00007fff7c866000 	C:\WINDOWS\System32\bcrypt.dll
0x00007fff7b600000 - 0x00007fff7b625000 	C:\WINDOWS\SYSTEM32\USERENV.dll
0x00007fff7aa20000 - 0x00007fff7aa2c000 	C:\WINDOWS\SYSTEM32\CRYPTBASE.dll
0x00007fff7a560000 - 0x00007fff7a59a000 	C:\WINDOWS\SYSTEM32\IPHLPAPI.DLL
0x00007fff7d070000 - 0x00007fff7d078000 	C:\WINDOWS\System32\NSI.dll
0x00007fff73b10000 - 0x00007fff73b26000 	C:\WINDOWS\SYSTEM32\dhcpcsvc6.DLL
0x00007fff73a00000 - 0x00007fff73a1c000 	C:\WINDOWS\SYSTEM32\dhcpcsvc.DLL
0x00007fff7a5a0000 - 0x00007fff7a66b000 	C:\WINDOWS\SYSTEM32\DNSAPI.dll
0x00007fff6c3a0000 - 0x00007fff6c3be000 	C:\Users\Kency\AppData\Local\Temp\native-platform7895481739982728471dir\native-platform.dll

VM Arguments:
jvm_args: -Xmx1536m -Dfile.encoding=windows-1252 -Duser.country=FR -Duser.language=fr -Duser.variant 
java_command: org.gradle.launcher.daemon.bootstrap.GradleDaemon 6.1.1
java_class_path (initial): C:\Users\Kency\.gradle\wrapper\dists\gradle-6.1.1-all\cfmwm155h49vnt3hynmlrsdst\gradle-6.1.1\lib\gradle-launcher-6.1.1.jar
Launcher Type: SUN_STANDARD

Environment Variables:
PATH=C:\Program Files (x86)\Common Files\Oracle\Java\javapath;C:\WINDOWS\system32;C:\WINDOWS;C:\WINDOWS\System32\Wbem;C:\WINDOWS\System32\WindowsPowerShell\v1.0\;C:\WINDOWS\System32\OpenSSH\;C:\Program Files\dotnet\;C:\Program Files\Microsoft SQL Server\130\Tools\Binn\;C:\Program Files\Microsoft SQL Server\Client SDK\ODBC\170\Tools\Binn\;C:\Program Files\Git\cmd;C:\Program Files\nodejs\;C:\ProgramData\Microsoft\Windows\Start Menu\Programs\Node.js;C:\Users\Kency\AppData\Local\Microsoft\WindowsApps;C:\Users\Kency\AppData\Roaming\npm;C:\ProgramData\Microsoft\Windows\Start Menu\Programs\Node.js;
USERNAME=Kency
OS=Windows_NT
PROCESSOR_IDENTIFIER=AMD64 Family 23 Model 17 Stepping 0, AuthenticAMD



---------------  S Y S T E M  ---------------

OS: Windows 10.0 , 64 bit Build 18362 (10.0.18362.1082)

CPU:total 8 (initial active 8) (8 cores per cpu, 1 threads per core) family 23 model 17 stepping 0, cmov, cx8, fxsr, mmx, sse, sse2, sse3, ssse3, sse4.1, sse4.2, popcnt, avx, avx2, aes, clmul, mmxext, 3dnowpref, lzcnt, sse4a, tsc, tscinvbit, tscinv, bmi1

Memory: 4k page, physical 3568208k(91696k free), swap 14578256k(740k free)

vm_info: OpenJDK 64-Bit Server VM (25.242-b01) for windows-amd64 JRE (1.8.0_242-release-1644-b01), built by "builder" with MS VC++ 10.0 (VS2010)

time: Mon Oct 12 13:48:11 2020
timezone: Paris, Madrid (heure d’été)
elapsed time: 285 seconds (0d 0h 4m 45s)

